<?xml version="1.0" encoding="UTF-8"?>
<!-- Generated by org.testng.reporters.JUnitReportReporter -->
<testsuite skipped="0" hostname="DESKTOP-PRT0ACF" name="pack1.CreatecustomerTest" tests="2" failures="0" timestamp="29 Jul 2017 10:34:35 GMT" time="0.034" errors="0">
  <testcase name="modifytest" time="0.004" classname="pack1.CreatecustomerTest"/>
  <testcase name="createtest" time="0.030" classname="pack1.CreatecustomerTest"/>
</testsuite> <!-- pack1.CreatecustomerTest -->
