<?xml version="1.0" encoding="UTF-8"?>
<!-- Generated by org.testng.reporters.JUnitReportReporter -->
<testsuite skipped="0" hostname="DESKTOP-PRT0ACF" name="pack3.CreateprojectreportTest" tests="2" failures="0" timestamp="29 Jul 2017 10:34:35 GMT" time="0.006" errors="0">
  <testcase name="createtest" time="0.003" classname="pack3.CreateprojectreportTest"/>
  <testcase name="modifytest" time="0.003" classname="pack3.CreateprojectreportTest"/>
</testsuite> <!-- pack3.CreateprojectreportTest -->
